[2025-11-07 15:53:15.826] [INFO] ✅ Backup del CSV original creado
[2025-11-07 15:53:15.827] [INFO] 🔧 Entorno de prueba configurado
[2025-11-07 15:53:15.829] [INFO] 📁 Carpeta: pruebas/datos_prueba/estabilidad_20251107_155315
[2025-11-07 15:53:15.830] [INFO] 
======================================================================
[2025-11-07 15:53:15.830] [INFO] 🚀 INICIANDO PRUEBA DE ESTABILIDAD
[2025-11-07 15:53:15.832] [INFO] ======================================================================
[2025-11-07 15:53:15.833] [INFO] 📊 Sesiones a simular: 30
[2025-11-07 15:53:15.859] [INFO] 🕐 Hora de inicio: 2025-11-07 15:53:15
[2025-11-07 15:53:15.861] [INFO] 
======================================================================
[2025-11-07 15:53:15.863] [INFO] 🎮 SESIÓN 1/30 - Perfil: novato
[2025-11-07 15:53:15.864] [INFO] ======================================================================
[2025-11-07 15:53:15.865] [INFO] 👤 Perfil: NOVATO
[2025-11-07 15:53:15.866] [INFO] 📊 Acciones planificadas: 6
[2025-11-07 15:53:15.870] [ERROR] ❌ ERROR en acción 1: No columns to parse from file
[2025-11-07 15:53:15.871] [ERROR] ❌ Sesión 1 falló
[2025-11-07 15:53:15.974] [INFO] 
======================================================================
[2025-11-07 15:53:15.983] [INFO] 🎮 SESIÓN 2/30 - Perfil: novato
[2025-11-07 15:53:15.984] [INFO] ======================================================================
[2025-11-07 15:53:15.986] [INFO] 👤 Perfil: NOVATO
[2025-11-07 15:53:15.988] [INFO] 📊 Acciones planificadas: 6
[2025-11-07 15:53:15.995] [ERROR] ❌ ERROR en acción 1: No columns to parse from file
[2025-11-07 15:53:15.997] [ERROR] ❌ Sesión 2 falló
[2025-11-07 15:53:16.098] [INFO] 
======================================================================
[2025-11-07 15:53:16.102] [INFO] 🎮 SESIÓN 3/30 - Perfil: experto
[2025-11-07 15:53:16.104] [INFO] ======================================================================
[2025-11-07 15:53:16.109] [INFO] 👤 Perfil: EXPERTO
[2025-11-07 15:53:16.112] [INFO] 📊 Acciones planificadas: 27
[2025-11-07 15:53:16.117] [ERROR] ❌ ERROR en acción 1: No columns to parse from file
[2025-11-07 15:53:16.119] [ERROR] ❌ Sesión 3 falló
[2025-11-07 15:53:16.220] [INFO] 
======================================================================
[2025-11-07 15:53:16.227] [INFO] 🎮 SESIÓN 4/30 - Perfil: experto
[2025-11-07 15:53:16.230] [INFO] ======================================================================
[2025-11-07 15:53:16.232] [INFO] 👤 Perfil: EXPERTO
[2025-11-07 15:53:16.236] [INFO] 📊 Acciones planificadas: 24
[2025-11-07 15:53:16.240] [ERROR] ❌ ERROR en acción 1: No columns to parse from file
[2025-11-07 15:53:16.241] [ERROR] ❌ Sesión 4 falló
[2025-11-07 15:53:16.344] [INFO] 
======================================================================
[2025-11-07 15:53:16.346] [INFO] 🎮 SESIÓN 5/30 - Perfil: novato
[2025-11-07 15:53:16.348] [INFO] ======================================================================
[2025-11-07 15:53:16.349] [INFO] 👤 Perfil: NOVATO
[2025-11-07 15:53:16.350] [INFO] 📊 Acciones planificadas: 6
[2025-11-07 15:53:16.353] [ERROR] ❌ ERROR en acción 1: No columns to parse from file
[2025-11-07 15:53:16.355] [ERROR] ❌ Sesión 5 falló
[2025-11-07 15:53:16.457] [INFO] 
======================================================================
[2025-11-07 15:53:16.460] [INFO] 🎮 SESIÓN 6/30 - Perfil: novato
[2025-11-07 15:53:16.461] [INFO] ======================================================================
[2025-11-07 15:53:16.462] [INFO] 👤 Perfil: NOVATO
[2025-11-07 15:53:16.463] [INFO] 📊 Acciones planificadas: 8
[2025-11-07 15:53:16.467] [ERROR] ❌ ERROR en acción 1: No columns to parse from file
[2025-11-07 15:53:16.468] [ERROR] ❌ Sesión 6 falló
[2025-11-07 15:53:16.570] [INFO] 
======================================================================
[2025-11-07 15:53:16.573] [INFO] 🎮 SESIÓN 7/30 - Perfil: intermedio
[2025-11-07 15:53:16.574] [INFO] ======================================================================
[2025-11-07 15:53:16.576] [INFO] 👤 Perfil: INTERMEDIO
[2025-11-07 15:53:16.578] [INFO] 📊 Acciones planificadas: 20
[2025-11-07 15:53:16.580] [ERROR] ❌ ERROR en acción 1: No columns to parse from file
[2025-11-07 15:53:16.582] [ERROR] ❌ Sesión 7 falló
[2025-11-07 15:53:16.684] [INFO] 
======================================================================
[2025-11-07 15:53:16.687] [INFO] 🎮 SESIÓN 8/30 - Perfil: experto
[2025-11-07 15:53:16.690] [INFO] ======================================================================
[2025-11-07 15:53:16.696] [INFO] 👤 Perfil: EXPERTO
[2025-11-07 15:53:16.699] [INFO] 📊 Acciones planificadas: 28
[2025-11-07 15:53:16.704] [ERROR] ❌ ERROR en acción 1: No columns to parse from file
[2025-11-07 15:53:16.706] [ERROR] ❌ Sesión 8 falló
[2025-11-07 15:53:16.812] [INFO] 
======================================================================
[2025-11-07 15:53:16.818] [INFO] 🎮 SESIÓN 9/30 - Perfil: intermedio
[2025-11-07 15:53:16.820] [INFO] ======================================================================
[2025-11-07 15:53:16.822] [INFO] 👤 Perfil: INTERMEDIO
[2025-11-07 15:53:16.824] [INFO] 📊 Acciones planificadas: 13
[2025-11-07 15:53:16.828] [ERROR] ❌ ERROR en acción 1: No columns to parse from file
[2025-11-07 15:53:16.829] [ERROR] ❌ Sesión 9 falló
[2025-11-07 15:53:16.931] [INFO] 
======================================================================
[2025-11-07 15:53:16.933] [INFO] 🎮 SESIÓN 10/30 - Perfil: intermedio
[2025-11-07 15:53:16.934] [INFO] ======================================================================
[2025-11-07 15:53:16.937] [INFO] 👤 Perfil: INTERMEDIO
[2025-11-07 15:53:16.938] [INFO] 📊 Acciones planificadas: 20
[2025-11-07 15:53:16.942] [ERROR] ❌ ERROR en acción 1: No columns to parse from file
[2025-11-07 15:53:16.943] [ERROR] ❌ Sesión 10 falló
[2025-11-07 15:53:17.045] [INFO] 
======================================================================
[2025-11-07 15:53:17.047] [INFO] 🎮 SESIÓN 11/30 - Perfil: novato
[2025-11-07 15:53:17.049] [INFO] ======================================================================
[2025-11-07 15:53:17.050] [INFO] 👤 Perfil: NOVATO
[2025-11-07 15:53:17.052] [INFO] 📊 Acciones planificadas: 5
[2025-11-07 15:53:17.060] [ERROR] ❌ ERROR en acción 1: No columns to parse from file
[2025-11-07 15:53:17.063] [ERROR] ❌ Sesión 11 falló
[2025-11-07 15:53:17.164] [INFO] 
======================================================================
[2025-11-07 15:53:17.169] [INFO] 🎮 SESIÓN 12/30 - Perfil: experto
[2025-11-07 15:53:17.181] [INFO] ======================================================================
[2025-11-07 15:53:17.182] [INFO] 👤 Perfil: EXPERTO
[2025-11-07 15:53:17.183] [INFO] 📊 Acciones planificadas: 29
[2025-11-07 15:53:17.186] [ERROR] ❌ ERROR en acción 1: No columns to parse from file
[2025-11-07 15:53:17.188] [ERROR] ❌ Sesión 12 falló
[2025-11-07 15:53:17.293] [INFO] 
======================================================================
[2025-11-07 15:53:17.296] [INFO] 🎮 SESIÓN 13/30 - Perfil: experto
[2025-11-07 15:53:17.298] [INFO] ======================================================================
[2025-11-07 15:53:17.299] [INFO] 👤 Perfil: EXPERTO
[2025-11-07 15:53:17.305] [INFO] 📊 Acciones planificadas: 25
[2025-11-07 15:53:17.311] [ERROR] ❌ ERROR en acción 1: No columns to parse from file
[2025-11-07 15:53:17.315] [ERROR] ❌ Sesión 13 falló
[2025-11-07 15:53:17.417] [INFO] 
======================================================================
[2025-11-07 15:53:17.418] [INFO] 🎮 SESIÓN 14/30 - Perfil: experto
[2025-11-07 15:53:17.419] [INFO] ======================================================================
[2025-11-07 15:53:17.420] [INFO] 👤 Perfil: EXPERTO
[2025-11-07 15:53:17.421] [INFO] 📊 Acciones planificadas: 18
[2025-11-07 15:53:17.423] [ERROR] ❌ ERROR en acción 1: No columns to parse from file
[2025-11-07 15:53:17.425] [ERROR] ❌ Sesión 14 falló
[2025-11-07 15:53:17.528] [INFO] 
======================================================================
[2025-11-07 15:53:17.540] [INFO] 🎮 SESIÓN 15/30 - Perfil: novato
[2025-11-07 15:53:17.541] [INFO] ======================================================================
[2025-11-07 15:53:17.544] [INFO] 👤 Perfil: NOVATO
[2025-11-07 15:53:17.546] [INFO] 📊 Acciones planificadas: 8
[2025-11-07 15:53:17.552] [ERROR] ❌ ERROR en acción 1: No columns to parse from file
[2025-11-07 15:53:17.553] [ERROR] ❌ Sesión 15 falló
[2025-11-07 15:53:17.655] [INFO] 
======================================================================
[2025-11-07 15:53:17.657] [INFO] 🎮 SESIÓN 16/30 - Perfil: novato
[2025-11-07 15:53:17.659] [INFO] ======================================================================
[2025-11-07 15:53:17.660] [INFO] 👤 Perfil: NOVATO
[2025-11-07 15:53:17.662] [INFO] 📊 Acciones planificadas: 8
[2025-11-07 15:53:17.666] [ERROR] ❌ ERROR en acción 1: No columns to parse from file
[2025-11-07 15:53:17.667] [ERROR] ❌ Sesión 16 falló
[2025-11-07 15:53:17.770] [INFO] 
======================================================================
[2025-11-07 15:53:17.772] [INFO] 🎮 SESIÓN 17/30 - Perfil: novato
[2025-11-07 15:53:17.772] [INFO] ======================================================================
[2025-11-07 15:53:17.773] [INFO] 👤 Perfil: NOVATO
[2025-11-07 15:53:17.774] [INFO] 📊 Acciones planificadas: 10
[2025-11-07 15:53:17.776] [ERROR] ❌ ERROR en acción 1: No columns to parse from file
[2025-11-07 15:53:17.778] [ERROR] ❌ Sesión 17 falló
[2025-11-07 15:53:17.879] [INFO] 
======================================================================
[2025-11-07 15:53:17.881] [INFO] 🎮 SESIÓN 18/30 - Perfil: novato
[2025-11-07 15:53:17.882] [INFO] ======================================================================
[2025-11-07 15:53:17.883] [INFO] 👤 Perfil: NOVATO
[2025-11-07 15:53:17.884] [INFO] 📊 Acciones planificadas: 8
[2025-11-07 15:53:17.886] [ERROR] ❌ ERROR en acción 1: No columns to parse from file
[2025-11-07 15:53:17.888] [ERROR] ❌ Sesión 18 falló
[2025-11-07 15:53:17.990] [INFO] 
======================================================================
[2025-11-07 15:53:17.992] [INFO] 🎮 SESIÓN 19/30 - Perfil: experto
[2025-11-07 15:53:17.993] [INFO] ======================================================================
[2025-11-07 15:53:17.994] [INFO] 👤 Perfil: EXPERTO
[2025-11-07 15:53:17.995] [INFO] 📊 Acciones planificadas: 19
[2025-11-07 15:53:17.997] [ERROR] ❌ ERROR en acción 1: No columns to parse from file
[2025-11-07 15:53:18.001] [ERROR] ❌ Sesión 19 falló
[2025-11-07 15:53:18.102] [INFO] 
======================================================================
[2025-11-07 15:53:18.121] [INFO] 🎮 SESIÓN 20/30 - Perfil: intermedio
[2025-11-07 15:53:18.123] [INFO] ======================================================================
[2025-11-07 15:53:18.123] [INFO] 👤 Perfil: INTERMEDIO
[2025-11-07 15:53:18.125] [INFO] 📊 Acciones planificadas: 13
[2025-11-07 15:53:18.129] [ERROR] ❌ ERROR en acción 1: No columns to parse from file
[2025-11-07 15:53:18.132] [ERROR] ❌ Sesión 20 falló
[2025-11-07 15:53:18.234] [INFO] 
======================================================================
[2025-11-07 15:53:18.236] [INFO] 🎮 SESIÓN 21/30 - Perfil: novato
[2025-11-07 15:53:18.238] [INFO] ======================================================================
[2025-11-07 15:53:18.239] [INFO] 👤 Perfil: NOVATO
[2025-11-07 15:53:18.240] [INFO] 📊 Acciones planificadas: 7
[2025-11-07 15:53:18.247] [ERROR] ❌ ERROR en acción 1: No columns to parse from file
[2025-11-07 15:53:18.250] [ERROR] ❌ Sesión 21 falló
[2025-11-07 15:53:18.352] [INFO] 
======================================================================
[2025-11-07 15:53:18.354] [INFO] 🎮 SESIÓN 22/30 - Perfil: novato
[2025-11-07 15:53:18.355] [INFO] ======================================================================
[2025-11-07 15:53:18.356] [INFO] 👤 Perfil: NOVATO
[2025-11-07 15:53:18.357] [INFO] 📊 Acciones planificadas: 9
[2025-11-07 15:53:18.360] [ERROR] ❌ ERROR en acción 1: No columns to parse from file
[2025-11-07 15:53:18.362] [ERROR] ❌ Sesión 22 falló
[2025-11-07 15:53:18.463] [INFO] 
======================================================================
[2025-11-07 15:53:18.466] [INFO] 🎮 SESIÓN 23/30 - Perfil: experto
[2025-11-07 15:53:18.467] [INFO] ======================================================================
[2025-11-07 15:53:18.468] [INFO] 👤 Perfil: EXPERTO
[2025-11-07 15:53:18.469] [INFO] 📊 Acciones planificadas: 16
[2025-11-07 15:53:18.477] [ERROR] ❌ ERROR en acción 1: No columns to parse from file
[2025-11-07 15:53:18.479] [ERROR] ❌ Sesión 23 falló
[2025-11-07 15:53:18.582] [INFO] 
======================================================================
[2025-11-07 15:53:18.584] [INFO] 🎮 SESIÓN 24/30 - Perfil: novato
[2025-11-07 15:53:18.585] [INFO] ======================================================================
[2025-11-07 15:53:18.587] [INFO] 👤 Perfil: NOVATO
[2025-11-07 15:53:18.592] [INFO] 📊 Acciones planificadas: 5
[2025-11-07 15:53:18.600] [ERROR] ❌ ERROR en acción 1: No columns to parse from file
[2025-11-07 15:53:18.605] [ERROR] ❌ Sesión 24 falló
[2025-11-07 15:53:18.708] [INFO] 
======================================================================
[2025-11-07 15:53:18.710] [INFO] 🎮 SESIÓN 25/30 - Perfil: intermedio
[2025-11-07 15:53:18.711] [INFO] ======================================================================
[2025-11-07 15:53:18.713] [INFO] 👤 Perfil: INTERMEDIO
[2025-11-07 15:53:18.716] [INFO] 📊 Acciones planificadas: 18
[2025-11-07 15:53:18.730] [ERROR] ❌ ERROR en acción 1: No columns to parse from file
[2025-11-07 15:53:18.731] [ERROR] ❌ Sesión 25 falló
[2025-11-07 15:53:18.832] [INFO] 
======================================================================
[2025-11-07 15:53:18.834] [INFO] 🎮 SESIÓN 26/30 - Perfil: intermedio
[2025-11-07 15:53:18.836] [INFO] ======================================================================
[2025-11-07 15:53:18.837] [INFO] 👤 Perfil: INTERMEDIO
[2025-11-07 15:53:18.837] [INFO] 📊 Acciones planificadas: 14
[2025-11-07 15:53:18.845] [ERROR] ❌ ERROR en acción 1: No columns to parse from file
[2025-11-07 15:53:18.847] [ERROR] ❌ Sesión 26 falló
[2025-11-07 15:53:18.950] [INFO] 
======================================================================
[2025-11-07 15:53:18.952] [INFO] 🎮 SESIÓN 27/30 - Perfil: novato
[2025-11-07 15:53:18.953] [INFO] ======================================================================
[2025-11-07 15:53:18.954] [INFO] 👤 Perfil: NOVATO
[2025-11-07 15:53:18.955] [INFO] 📊 Acciones planificadas: 8
[2025-11-07 15:53:18.965] [ERROR] ❌ ERROR en acción 1: No columns to parse from file
[2025-11-07 15:53:18.967] [ERROR] ❌ Sesión 27 falló
[2025-11-07 15:53:19.069] [INFO] 
======================================================================
[2025-11-07 15:53:19.070] [INFO] 🎮 SESIÓN 28/30 - Perfil: intermedio
[2025-11-07 15:53:19.071] [INFO] ======================================================================
[2025-11-07 15:53:19.072] [INFO] 👤 Perfil: INTERMEDIO
[2025-11-07 15:53:19.073] [INFO] 📊 Acciones planificadas: 10
[2025-11-07 15:53:19.076] [ERROR] ❌ ERROR en acción 1: No columns to parse from file
[2025-11-07 15:53:19.083] [ERROR] ❌ Sesión 28 falló
[2025-11-07 15:53:19.185] [INFO] 
======================================================================
[2025-11-07 15:53:19.187] [INFO] 🎮 SESIÓN 29/30 - Perfil: novato
[2025-11-07 15:53:19.188] [INFO] ======================================================================
[2025-11-07 15:53:19.189] [INFO] 👤 Perfil: NOVATO
[2025-11-07 15:53:19.190] [INFO] 📊 Acciones planificadas: 9
[2025-11-07 15:53:19.193] [ERROR] ❌ ERROR en acción 1: No columns to parse from file
[2025-11-07 15:53:19.195] [ERROR] ❌ Sesión 29 falló
[2025-11-07 15:53:19.298] [INFO] 
======================================================================
[2025-11-07 15:53:19.300] [INFO] 🎮 SESIÓN 30/30 - Perfil: novato
[2025-11-07 15:53:19.302] [INFO] ======================================================================
[2025-11-07 15:53:19.303] [INFO] 👤 Perfil: NOVATO
[2025-11-07 15:53:19.303] [INFO] 📊 Acciones planificadas: 9
[2025-11-07 15:53:19.306] [ERROR] ❌ ERROR en acción 1: No columns to parse from file
[2025-11-07 15:53:19.307] [ERROR] ❌ Sesión 30 falló
[2025-11-07 15:53:19.410] [INFO] 
======================================================================
[2025-11-07 15:53:19.412] [INFO] 🔍 VERIFICACIÓN DE INTEGRIDAD
[2025-11-07 15:53:19.413] [INFO] ======================================================================
[2025-11-07 15:53:19.414] [WARNING] ⚠️  Advertencia: Se esperaban 30 archivos, se encontraron 0
[2025-11-07 15:53:19.415] [INFO] 
📊 Resumen de Integridad:
[2025-11-07 15:53:19.416] [INFO]    ✅ Sesiones válidas: 0
[2025-11-07 15:53:19.419] [INFO]    ❌ Sesiones inválidas: 0
[2025-11-07 15:53:19.420] [INFO]    📈 Integridad: 0.00%
[2025-11-07 15:53:19.424] [INFO] 
🔍 Verificando duplicados...
[2025-11-07 15:53:19.429] [INFO] ✅ No se encontraron duplicados
[2025-11-07 15:53:19.460] [INFO] 
📄 Reporte guardado:
[2025-11-07 15:53:19.462] [INFO]    JSON: pruebas/resultados/estabilidad_20251107_155315.json
[2025-11-07 15:53:19.463] [INFO]    TXT: pruebas/resultados/estabilidad_20251107_155315.txt
[2025-11-07 15:53:19.464] [INFO] 
======================================================================
[2025-11-07 15:53:19.465] [INFO] 🏁 PRUEBA FINALIZADA
[2025-11-07 15:53:19.465] [INFO] ======================================================================
[2025-11-07 15:53:19.466] [INFO] ⏱️  Tiempo total: 3.55s
[2025-11-07 15:53:19.467] [INFO] ✅ Sesiones exitosas: 0/30
[2025-11-07 15:53:19.468] [INFO] 📊 Integridad: 0.00%
[2025-11-07 15:53:19.469] [INFO] 🐛 Errores críticos: 30
[2025-11-07 15:53:19.470] [INFO] 
⚠️  ====================================================================
[2025-11-07 15:53:19.471] [INFO]    ❌ PRUEBA NO SUPERADA - Revisar errores
[2025-11-07 15:53:19.471] [INFO]    ====================================================================

[2025-11-07 15:53:19.478] [INFO] ✅ CSV original restaurado
