[2025-11-07 15:43:10.683] [INFO] ✅ Backup del CSV original creado
[2025-11-07 15:43:10.686] [INFO] 🔧 Entorno de prueba configurado
[2025-11-07 15:43:10.687] [INFO] 📁 Carpeta: pruebas/datos_prueba/estabilidad_20251107_154310
[2025-11-07 15:43:10.689] [INFO] 
======================================================================
[2025-11-07 15:43:10.691] [INFO] 🚀 INICIANDO PRUEBA DE ESTABILIDAD
[2025-11-07 15:43:10.692] [INFO] ======================================================================
[2025-11-07 15:43:10.693] [INFO] 📊 Sesiones a simular: 30
[2025-11-07 15:43:10.695] [INFO] 🕐 Hora de inicio: 2025-11-07 15:43:10
[2025-11-07 15:43:10.696] [INFO] 
======================================================================
[2025-11-07 15:43:10.698] [INFO] 🎮 SESIÓN 1/30 - Perfil: intermedio
[2025-11-07 15:43:10.699] [INFO] ======================================================================
[2025-11-07 15:43:10.700] [INFO] 👤 Perfil: INTERMEDIO
[2025-11-07 15:43:10.701] [INFO] 📊 Acciones planificadas: 15
[2025-11-07 15:43:10.707] [ERROR] ❌ ERROR en acción 1: No columns to parse from file
[2025-11-07 15:43:10.708] [ERROR] ❌ Sesión 1 falló
[2025-11-07 15:43:10.809] [INFO] 
======================================================================
[2025-11-07 15:43:10.811] [INFO] 🎮 SESIÓN 2/30 - Perfil: experto
[2025-11-07 15:43:10.812] [INFO] ======================================================================
[2025-11-07 15:43:10.813] [INFO] 👤 Perfil: EXPERTO
[2025-11-07 15:43:10.814] [INFO] 📊 Acciones planificadas: 30
[2025-11-07 15:43:10.823] [ERROR] ❌ ERROR en acción 1: No columns to parse from file
[2025-11-07 15:43:10.824] [ERROR] ❌ Sesión 2 falló
[2025-11-07 15:43:10.927] [INFO] 
======================================================================
[2025-11-07 15:43:10.929] [INFO] 🎮 SESIÓN 3/30 - Perfil: novato
[2025-11-07 15:43:10.931] [INFO] ======================================================================
[2025-11-07 15:43:10.932] [INFO] 👤 Perfil: NOVATO
[2025-11-07 15:43:10.933] [INFO] 📊 Acciones planificadas: 5
[2025-11-07 15:43:10.945] [ERROR] ❌ ERROR en acción 1: No columns to parse from file
[2025-11-07 15:43:10.948] [ERROR] ❌ Sesión 3 falló
[2025-11-07 15:43:11.050] [INFO] 
======================================================================
[2025-11-07 15:43:11.052] [INFO] 🎮 SESIÓN 4/30 - Perfil: intermedio
[2025-11-07 15:43:11.054] [INFO] ======================================================================
[2025-11-07 15:43:11.055] [INFO] 👤 Perfil: INTERMEDIO
[2025-11-07 15:43:11.056] [INFO] 📊 Acciones planificadas: 17
[2025-11-07 15:43:11.062] [ERROR] ❌ ERROR en acción 1: No columns to parse from file
[2025-11-07 15:43:11.070] [ERROR] ❌ Sesión 4 falló
[2025-11-07 15:43:11.175] [INFO] 
======================================================================
[2025-11-07 15:43:11.177] [INFO] 🎮 SESIÓN 5/30 - Perfil: intermedio
[2025-11-07 15:43:11.179] [INFO] ======================================================================
[2025-11-07 15:43:11.180] [INFO] 👤 Perfil: INTERMEDIO
[2025-11-07 15:43:11.181] [INFO] 📊 Acciones planificadas: 10
[2025-11-07 15:43:11.193] [ERROR] ❌ ERROR en acción 1: No columns to parse from file
[2025-11-07 15:43:11.195] [ERROR] ❌ Sesión 5 falló
[2025-11-07 15:43:11.296] [INFO] 
======================================================================
[2025-11-07 15:43:11.298] [INFO] 🎮 SESIÓN 6/30 - Perfil: experto
[2025-11-07 15:43:11.300] [INFO] ======================================================================
[2025-11-07 15:43:11.300] [INFO] 👤 Perfil: EXPERTO
[2025-11-07 15:43:11.301] [INFO] 📊 Acciones planificadas: 28
[2025-11-07 15:43:11.304] [ERROR] ❌ ERROR en acción 1: No columns to parse from file
[2025-11-07 15:43:11.306] [ERROR] ❌ Sesión 6 falló
[2025-11-07 15:43:11.409] [INFO] 
======================================================================
[2025-11-07 15:43:11.411] [INFO] 🎮 SESIÓN 7/30 - Perfil: intermedio
[2025-11-07 15:43:11.413] [INFO] ======================================================================
[2025-11-07 15:43:11.414] [INFO] 👤 Perfil: INTERMEDIO
[2025-11-07 15:43:11.418] [INFO] 📊 Acciones planificadas: 20
[2025-11-07 15:43:11.428] [ERROR] ❌ ERROR en acción 1: No columns to parse from file
[2025-11-07 15:43:11.429] [ERROR] ❌ Sesión 7 falló
[2025-11-07 15:43:11.531] [INFO] 
======================================================================
[2025-11-07 15:43:11.533] [INFO] 🎮 SESIÓN 8/30 - Perfil: experto
[2025-11-07 15:43:11.535] [INFO] ======================================================================
[2025-11-07 15:43:11.537] [INFO] 👤 Perfil: EXPERTO
[2025-11-07 15:43:11.540] [INFO] 📊 Acciones planificadas: 20
[2025-11-07 15:43:11.547] [ERROR] ❌ ERROR en acción 1: No columns to parse from file
[2025-11-07 15:43:11.550] [ERROR] ❌ Sesión 8 falló
[2025-11-07 15:43:11.653] [INFO] 
======================================================================
[2025-11-07 15:43:11.656] [INFO] 🎮 SESIÓN 9/30 - Perfil: novato
[2025-11-07 15:43:11.657] [INFO] ======================================================================
[2025-11-07 15:43:11.658] [INFO] 👤 Perfil: NOVATO
[2025-11-07 15:43:11.660] [INFO] 📊 Acciones planificadas: 9
[2025-11-07 15:43:11.665] [ERROR] ❌ ERROR en acción 1: No columns to parse from file
[2025-11-07 15:43:11.667] [ERROR] ❌ Sesión 9 falló
[2025-11-07 15:43:11.769] [INFO] 
======================================================================
[2025-11-07 15:43:11.772] [INFO] 🎮 SESIÓN 10/30 - Perfil: novato
[2025-11-07 15:43:11.773] [INFO] ======================================================================
[2025-11-07 15:43:11.774] [INFO] 👤 Perfil: NOVATO
[2025-11-07 15:43:11.776] [INFO] 📊 Acciones planificadas: 7
[2025-11-07 15:43:11.782] [ERROR] ❌ ERROR en acción 1: No columns to parse from file
[2025-11-07 15:43:11.785] [ERROR] ❌ Sesión 10 falló
[2025-11-07 15:43:11.888] [INFO] 
======================================================================
[2025-11-07 15:43:11.890] [INFO] 🎮 SESIÓN 11/30 - Perfil: intermedio
[2025-11-07 15:43:11.892] [INFO] ======================================================================
[2025-11-07 15:43:11.893] [INFO] 👤 Perfil: INTERMEDIO
[2025-11-07 15:43:11.894] [INFO] 📊 Acciones planificadas: 15
[2025-11-07 15:43:11.900] [ERROR] ❌ ERROR en acción 1: No columns to parse from file
[2025-11-07 15:43:11.906] [ERROR] ❌ Sesión 11 falló
[2025-11-07 15:43:12.009] [INFO] 
======================================================================
[2025-11-07 15:43:12.011] [INFO] 🎮 SESIÓN 12/30 - Perfil: intermedio
[2025-11-07 15:43:12.012] [INFO] ======================================================================
[2025-11-07 15:43:12.014] [INFO] 👤 Perfil: INTERMEDIO
[2025-11-07 15:43:12.015] [INFO] 📊 Acciones planificadas: 16
[2025-11-07 15:43:12.024] [ERROR] ❌ ERROR en acción 1: No columns to parse from file
[2025-11-07 15:43:12.026] [ERROR] ❌ Sesión 12 falló
[2025-11-07 15:43:12.128] [INFO] 
======================================================================
[2025-11-07 15:43:12.130] [INFO] 🎮 SESIÓN 13/30 - Perfil: intermedio
[2025-11-07 15:43:12.131] [INFO] ======================================================================
[2025-11-07 15:43:12.132] [INFO] 👤 Perfil: INTERMEDIO
[2025-11-07 15:43:12.133] [INFO] 📊 Acciones planificadas: 20
[2025-11-07 15:43:12.144] [ERROR] ❌ ERROR en acción 1: No columns to parse from file
[2025-11-07 15:43:12.146] [ERROR] ❌ Sesión 13 falló
[2025-11-07 15:43:12.248] [INFO] 
======================================================================
[2025-11-07 15:43:12.250] [INFO] 🎮 SESIÓN 14/30 - Perfil: experto
[2025-11-07 15:43:12.251] [INFO] ======================================================================
[2025-11-07 15:43:12.253] [INFO] 👤 Perfil: EXPERTO
[2025-11-07 15:43:12.254] [INFO] 📊 Acciones planificadas: 15
[2025-11-07 15:43:12.265] [ERROR] ❌ ERROR en acción 1: No columns to parse from file
[2025-11-07 15:43:12.266] [ERROR] ❌ Sesión 14 falló
[2025-11-07 15:43:12.368] [INFO] 
======================================================================
[2025-11-07 15:43:12.371] [INFO] 🎮 SESIÓN 15/30 - Perfil: experto
[2025-11-07 15:43:12.373] [INFO] ======================================================================
[2025-11-07 15:43:12.374] [INFO] 👤 Perfil: EXPERTO
[2025-11-07 15:43:12.375] [INFO] 📊 Acciones planificadas: 26
[2025-11-07 15:43:12.391] [ERROR] ❌ ERROR en acción 1: No columns to parse from file
[2025-11-07 15:43:12.392] [ERROR] ❌ Sesión 15 falló
[2025-11-07 15:43:12.494] [INFO] 
======================================================================
[2025-11-07 15:43:12.496] [INFO] 🎮 SESIÓN 16/30 - Perfil: experto
[2025-11-07 15:43:12.497] [INFO] ======================================================================
[2025-11-07 15:43:12.498] [INFO] 👤 Perfil: EXPERTO
[2025-11-07 15:43:12.500] [INFO] 📊 Acciones planificadas: 18
[2025-11-07 15:43:12.505] [ERROR] ❌ ERROR en acción 1: No columns to parse from file
[2025-11-07 15:43:12.507] [ERROR] ❌ Sesión 16 falló
[2025-11-07 15:43:12.609] [INFO] 
======================================================================
[2025-11-07 15:43:12.614] [INFO] 🎮 SESIÓN 17/30 - Perfil: experto
[2025-11-07 15:43:12.616] [INFO] ======================================================================
[2025-11-07 15:43:12.619] [INFO] 👤 Perfil: EXPERTO
[2025-11-07 15:43:12.621] [INFO] 📊 Acciones planificadas: 22
[2025-11-07 15:43:12.628] [ERROR] ❌ ERROR en acción 1: No columns to parse from file
[2025-11-07 15:43:12.630] [ERROR] ❌ Sesión 17 falló
[2025-11-07 15:43:12.731] [INFO] 
======================================================================
[2025-11-07 15:43:12.733] [INFO] 🎮 SESIÓN 18/30 - Perfil: intermedio
[2025-11-07 15:43:12.735] [INFO] ======================================================================
[2025-11-07 15:43:12.737] [INFO] 👤 Perfil: INTERMEDIO
[2025-11-07 15:43:12.738] [INFO] 📊 Acciones planificadas: 12
[2025-11-07 15:43:12.751] [ERROR] ❌ ERROR en acción 1: No columns to parse from file
[2025-11-07 15:43:12.753] [ERROR] ❌ Sesión 18 falló
[2025-11-07 15:43:12.855] [INFO] 
======================================================================
[2025-11-07 15:43:12.857] [INFO] 🎮 SESIÓN 19/30 - Perfil: intermedio
[2025-11-07 15:43:12.858] [INFO] ======================================================================
[2025-11-07 15:43:12.858] [INFO] 👤 Perfil: INTERMEDIO
[2025-11-07 15:43:12.859] [INFO] 📊 Acciones planificadas: 20
[2025-11-07 15:43:12.863] [ERROR] ❌ ERROR en acción 1: No columns to parse from file
[2025-11-07 15:43:12.865] [ERROR] ❌ Sesión 19 falló
[2025-11-07 15:43:12.967] [INFO] 
======================================================================
[2025-11-07 15:43:12.969] [INFO] 🎮 SESIÓN 20/30 - Perfil: experto
[2025-11-07 15:43:12.971] [INFO] ======================================================================
[2025-11-07 15:43:12.972] [INFO] 👤 Perfil: EXPERTO
[2025-11-07 15:43:12.973] [INFO] 📊 Acciones planificadas: 21
[2025-11-07 15:43:12.982] [ERROR] ❌ ERROR en acción 1: No columns to parse from file
[2025-11-07 15:43:12.984] [ERROR] ❌ Sesión 20 falló
[2025-11-07 15:43:13.087] [INFO] 
======================================================================
[2025-11-07 15:43:13.089] [INFO] 🎮 SESIÓN 21/30 - Perfil: experto
[2025-11-07 15:43:13.090] [INFO] ======================================================================
[2025-11-07 15:43:13.091] [INFO] 👤 Perfil: EXPERTO
[2025-11-07 15:43:13.093] [INFO] 📊 Acciones planificadas: 15
[2025-11-07 15:43:13.102] [ERROR] ❌ ERROR en acción 1: No columns to parse from file
[2025-11-07 15:43:13.106] [ERROR] ❌ Sesión 21 falló
[2025-11-07 15:43:13.209] [INFO] 
======================================================================
[2025-11-07 15:43:13.212] [INFO] 🎮 SESIÓN 22/30 - Perfil: experto
[2025-11-07 15:43:13.213] [INFO] ======================================================================
[2025-11-07 15:43:13.214] [INFO] 👤 Perfil: EXPERTO
[2025-11-07 15:43:13.218] [INFO] 📊 Acciones planificadas: 20
[2025-11-07 15:43:13.227] [ERROR] ❌ ERROR en acción 1: No columns to parse from file
[2025-11-07 15:43:13.229] [ERROR] ❌ Sesión 22 falló
[2025-11-07 15:43:13.331] [INFO] 
======================================================================
[2025-11-07 15:43:13.333] [INFO] 🎮 SESIÓN 23/30 - Perfil: novato
[2025-11-07 15:43:13.334] [INFO] ======================================================================
[2025-11-07 15:43:13.335] [INFO] 👤 Perfil: NOVATO
[2025-11-07 15:43:13.335] [INFO] 📊 Acciones planificadas: 6
[2025-11-07 15:43:13.339] [ERROR] ❌ ERROR en acción 1: No columns to parse from file
[2025-11-07 15:43:13.340] [ERROR] ❌ Sesión 23 falló
[2025-11-07 15:43:13.441] [INFO] 
======================================================================
[2025-11-07 15:43:13.443] [INFO] 🎮 SESIÓN 24/30 - Perfil: experto
[2025-11-07 15:43:13.444] [INFO] ======================================================================
[2025-11-07 15:43:13.445] [INFO] 👤 Perfil: EXPERTO
[2025-11-07 15:43:13.446] [INFO] 📊 Acciones planificadas: 15
[2025-11-07 15:43:13.449] [ERROR] ❌ ERROR en acción 1: No columns to parse from file
[2025-11-07 15:43:13.450] [ERROR] ❌ Sesión 24 falló
[2025-11-07 15:43:13.551] [INFO] 
======================================================================
[2025-11-07 15:43:13.553] [INFO] 🎮 SESIÓN 25/30 - Perfil: experto
[2025-11-07 15:43:13.554] [INFO] ======================================================================
[2025-11-07 15:43:13.555] [INFO] 👤 Perfil: EXPERTO
[2025-11-07 15:43:13.556] [INFO] 📊 Acciones planificadas: 18
[2025-11-07 15:43:13.558] [ERROR] ❌ ERROR en acción 1: No columns to parse from file
[2025-11-07 15:43:13.559] [ERROR] ❌ Sesión 25 falló
[2025-11-07 15:43:13.661] [INFO] 
======================================================================
[2025-11-07 15:43:13.663] [INFO] 🎮 SESIÓN 26/30 - Perfil: novato
[2025-11-07 15:43:13.664] [INFO] ======================================================================
[2025-11-07 15:43:13.665] [INFO] 👤 Perfil: NOVATO
[2025-11-07 15:43:13.666] [INFO] 📊 Acciones planificadas: 6
[2025-11-07 15:43:13.670] [ERROR] ❌ ERROR en acción 1: No columns to parse from file
[2025-11-07 15:43:13.672] [ERROR] ❌ Sesión 26 falló
[2025-11-07 15:43:13.773] [INFO] 
======================================================================
[2025-11-07 15:43:13.775] [INFO] 🎮 SESIÓN 27/30 - Perfil: experto
[2025-11-07 15:43:13.777] [INFO] ======================================================================
[2025-11-07 15:43:13.778] [INFO] 👤 Perfil: EXPERTO
[2025-11-07 15:43:13.781] [INFO] 📊 Acciones planificadas: 27
[2025-11-07 15:43:13.789] [ERROR] ❌ ERROR en acción 1: No columns to parse from file
[2025-11-07 15:43:13.792] [ERROR] ❌ Sesión 27 falló
[2025-11-07 15:43:13.894] [INFO] 
======================================================================
[2025-11-07 15:43:13.897] [INFO] 🎮 SESIÓN 28/30 - Perfil: novato
[2025-11-07 15:43:13.898] [INFO] ======================================================================
[2025-11-07 15:43:13.899] [INFO] 👤 Perfil: NOVATO
[2025-11-07 15:43:13.903] [INFO] 📊 Acciones planificadas: 8
[2025-11-07 15:43:13.908] [ERROR] ❌ ERROR en acción 1: No columns to parse from file
[2025-11-07 15:43:13.909] [ERROR] ❌ Sesión 28 falló
[2025-11-07 15:43:14.011] [INFO] 
======================================================================
[2025-11-07 15:43:14.013] [INFO] 🎮 SESIÓN 29/30 - Perfil: intermedio
[2025-11-07 15:43:14.014] [INFO] ======================================================================
[2025-11-07 15:43:14.015] [INFO] 👤 Perfil: INTERMEDIO
[2025-11-07 15:43:14.016] [INFO] 📊 Acciones planificadas: 14
[2025-11-07 15:43:14.020] [ERROR] ❌ ERROR en acción 1: No columns to parse from file
[2025-11-07 15:43:14.023] [ERROR] ❌ Sesión 29 falló
[2025-11-07 15:43:14.125] [INFO] 
======================================================================
[2025-11-07 15:43:14.127] [INFO] 🎮 SESIÓN 30/30 - Perfil: experto
[2025-11-07 15:43:14.129] [INFO] ======================================================================
[2025-11-07 15:43:14.130] [INFO] 👤 Perfil: EXPERTO
[2025-11-07 15:43:14.136] [INFO] 📊 Acciones planificadas: 30
[2025-11-07 15:43:14.140] [ERROR] ❌ ERROR en acción 1: No columns to parse from file
[2025-11-07 15:43:14.142] [ERROR] ❌ Sesión 30 falló
[2025-11-07 15:43:14.244] [INFO] 
======================================================================
[2025-11-07 15:43:14.245] [INFO] 🔍 VERIFICACIÓN DE INTEGRIDAD
[2025-11-07 15:43:14.246] [INFO] ======================================================================
[2025-11-07 15:43:14.248] [WARNING] ⚠️  Advertencia: Se esperaban 30 archivos, se encontraron 0
[2025-11-07 15:43:14.248] [INFO] 
📊 Resumen de Integridad:
[2025-11-07 15:43:14.249] [INFO]    ✅ Sesiones válidas: 0
[2025-11-07 15:43:14.251] [INFO]    ❌ Sesiones inválidas: 0
[2025-11-07 15:43:14.253] [INFO]    📈 Integridad: 0.00%
[2025-11-07 15:43:14.254] [INFO] 
🔍 Verificando duplicados...
[2025-11-07 15:43:14.256] [INFO] ✅ No se encontraron duplicados
[2025-11-07 15:43:14.259] [INFO] 
📄 Reporte guardado:
[2025-11-07 15:43:14.260] [INFO]    JSON: pruebas/resultados/estabilidad_20251107_154310.json
[2025-11-07 15:43:14.261] [INFO]    TXT: pruebas/resultados/estabilidad_20251107_154310.txt
[2025-11-07 15:43:14.262] [INFO] 
======================================================================
[2025-11-07 15:43:14.263] [INFO] 🏁 PRUEBA FINALIZADA
[2025-11-07 15:43:14.264] [INFO] ======================================================================
[2025-11-07 15:43:14.265] [INFO] ⏱️  Tiempo total: 3.55s
[2025-11-07 15:43:14.266] [INFO] ✅ Sesiones exitosas: 0/30
[2025-11-07 15:43:14.267] [INFO] 📊 Integridad: 0.00%
[2025-11-07 15:43:14.267] [INFO] 🐛 Errores críticos: 30
[2025-11-07 15:43:14.269] [INFO] 
⚠️  ====================================================================
[2025-11-07 15:43:14.270] [INFO]    ❌ PRUEBA NO SUPERADA - Revisar errores
[2025-11-07 15:43:14.270] [INFO]    ====================================================================

[2025-11-07 15:43:14.278] [INFO] ✅ CSV original restaurado
